1677242769.444623 client started (41190): version 3.3a, socket /tmp/tmux-1000/default, protocol 8
1677242769.444643 on Linux 6.1.12-200.fc37.x86_64 #1 SMP PREEMPT_DYNAMIC Wed Feb 15 04:35:34 UTC 2023
1677242769.444650 using libevent 2.1.12-stable (poll); ncurses 6.3
1677242769.444660 flags are 0x10010000
1677242769.444663 socket is /tmp/tmux-1000/default
1677242769.444677 trying connect
1677242769.444809 add peer 0x562fd33d3880: 6 ((nil))
1677242769.445009 sending message 100 to peer 0x562fd33d3880 (4 bytes)
1677242769.445016 sending message 111 to peer 0x562fd33d3880 (8 bytes)
1677242769.445020 sending message 101 to peer 0x562fd33d3880 (15 bytes)
1677242769.445023 sending message 109 to peer 0x562fd33d3880 (4 bytes)
1677242769.445026 sending message 102 to peer 0x562fd33d3880 (11 bytes)
1677242769.445029 sending message 108 to peer 0x562fd33d3880 (28 bytes)
1677242769.445032 sending message 112 to peer 0x562fd33d3880 (58 bytes)
1677242769.445036 sending message 112 to peer 0x562fd33d3880 (5 bytes)
1677242769.445039 sending message 112 to peer 0x562fd33d3880 (5 bytes)
1677242769.445042 sending message 112 to peer 0x562fd33d3880 (6 bytes)
1677242769.445045 sending message 112 to peer 0x562fd33d3880 (6 bytes)
1677242769.445048 sending message 112 to peer 0x562fd33d3880 (11 bytes)
1677242769.445051 sending message 112 to peer 0x562fd33d3880 (10 bytes)
1677242769.445054 sending message 112 to peer 0x562fd33d3880 (13 bytes)
1677242769.445057 sending message 112 to peer 0x562fd33d3880 (14 bytes)
1677242769.445061 sending message 112 to peer 0x562fd33d3880 (19 bytes)
1677242769.445064 sending message 112 to peer 0x562fd33d3880 (11 bytes)
1677242769.445067 sending message 112 to peer 0x562fd33d3880 (10 bytes)
1677242769.445070 sending message 112 to peer 0x562fd33d3880 (15 bytes)
1677242769.445073 sending message 112 to peer 0x562fd33d3880 (21 bytes)
1677242769.445076 sending message 112 to peer 0x562fd33d3880 (13 bytes)
1677242769.445079 sending message 112 to peer 0x562fd33d3880 (7 bytes)
1677242769.445083 sending message 112 to peer 0x562fd33d3880 (13 bytes)
1677242769.445086 sending message 112 to peer 0x562fd33d3880 (7 bytes)
1677242769.445089 sending message 112 to peer 0x562fd33d3880 (13 bytes)
1677242769.445092 sending message 112 to peer 0x562fd33d3880 (9 bytes)
1677242769.445095 sending message 112 to peer 0x562fd33d3880 (21 bytes)
1677242769.445098 sending message 112 to peer 0x562fd33d3880 (13 bytes)
1677242769.445101 sending message 112 to peer 0x562fd33d3880 (9 bytes)
1677242769.445104 sending message 112 to peer 0x562fd33d3880 (16 bytes)
1677242769.445107 sending message 112 to peer 0x562fd33d3880 (13 bytes)
1677242769.445110 sending message 112 to peer 0x562fd33d3880 (9 bytes)
1677242769.445113 sending message 112 to peer 0x562fd33d3880 (9 bytes)
1677242769.445116 sending message 112 to peer 0x562fd33d3880 (12 bytes)
1677242769.445120 sending message 112 to peer 0x562fd33d3880 (8 bytes)
1677242769.445123 sending message 112 to peer 0x562fd33d3880 (8 bytes)
1677242769.445126 sending message 112 to peer 0x562fd33d3880 (13 bytes)
1677242769.445129 sending message 112 to peer 0x562fd33d3880 (7 bytes)
1677242769.445132 sending message 112 to peer 0x562fd33d3880 (7 bytes)
1677242769.445135 sending message 112 to peer 0x562fd33d3880 (9 bytes)
1677242769.445138 sending message 112 to peer 0x562fd33d3880 (10 bytes)
1677242769.445141 sending message 112 to peer 0x562fd33d3880 (9 bytes)
1677242769.445144 sending message 112 to peer 0x562fd33d3880 (15 bytes)
1677242769.445148 sending message 112 to peer 0x562fd33d3880 (13 bytes)
1677242769.445151 sending message 112 to peer 0x562fd33d3880 (12 bytes)
1677242769.445154 sending message 112 to peer 0x562fd33d3880 (8 bytes)
1677242769.445157 sending message 112 to peer 0x562fd33d3880 (14 bytes)
1677242769.445160 sending message 112 to peer 0x562fd33d3880 (11 bytes)
1677242769.445163 sending message 112 to peer 0x562fd33d3880 (9 bytes)
1677242769.445166 sending message 112 to peer 0x562fd33d3880 (10 bytes)
1677242769.445169 sending message 112 to peer 0x562fd33d3880 (10 bytes)
1677242769.445173 sending message 112 to peer 0x562fd33d3880 (10 bytes)
1677242769.445189 sending message 112 to peer 0x562fd33d3880 (10 bytes)
1677242769.445193 sending message 112 to peer 0x562fd33d3880 (11 bytes)
1677242769.445196 sending message 112 to peer 0x562fd33d3880 (12 bytes)
1677242769.445199 sending message 112 to peer 0x562fd33d3880 (12 bytes)
1677242769.445202 sending message 112 to peer 0x562fd33d3880 (12 bytes)
1677242769.445206 sending message 112 to peer 0x562fd33d3880 (12 bytes)
1677242769.445209 sending message 112 to peer 0x562fd33d3880 (12 bytes)
1677242769.445212 sending message 112 to peer 0x562fd33d3880 (11 bytes)
1677242769.445215 sending message 112 to peer 0x562fd33d3880 (11 bytes)
1677242769.445219 sending message 112 to peer 0x562fd33d3880 (12 bytes)
1677242769.445222 sending message 112 to peer 0x562fd33d3880 (12 bytes)
1677242769.445225 sending message 112 to peer 0x562fd33d3880 (12 bytes)
1677242769.445228 sending message 112 to peer 0x562fd33d3880 (12 bytes)
1677242769.445231 sending message 112 to peer 0x562fd33d3880 (12 bytes)
1677242769.445234 sending message 112 to peer 0x562fd33d3880 (9 bytes)
1677242769.445243 sending message 112 to peer 0x562fd33d3880 (12 bytes)
1677242769.445247 sending message 112 to peer 0x562fd33d3880 (13 bytes)
1677242769.445250 sending message 112 to peer 0x562fd33d3880 (13 bytes)
1677242769.445253 sending message 112 to peer 0x562fd33d3880 (13 bytes)
1677242769.445256 sending message 112 to peer 0x562fd33d3880 (13 bytes)
1677242769.445259 sending message 112 to peer 0x562fd33d3880 (13 bytes)
1677242769.445263 sending message 112 to peer 0x562fd33d3880 (8 bytes)
1677242769.445266 sending message 112 to peer 0x562fd33d3880 (11 bytes)
1677242769.445269 sending message 112 to peer 0x562fd33d3880 (11 bytes)
1677242769.445272 sending message 112 to peer 0x562fd33d3880 (11 bytes)
1677242769.445275 sending message 112 to peer 0x562fd33d3880 (12 bytes)
1677242769.445278 sending message 112 to peer 0x562fd33d3880 (12 bytes)
1677242769.445281 sending message 112 to peer 0x562fd33d3880 (12 bytes)
1677242769.445285 sending message 112 to peer 0x562fd33d3880 (12 bytes)
1677242769.445288 sending message 112 to peer 0x562fd33d3880 (13 bytes)
1677242769.445291 sending message 112 to peer 0x562fd33d3880 (13 bytes)
1677242769.445294 sending message 112 to peer 0x562fd33d3880 (13 bytes)
1677242769.445297 sending message 112 to peer 0x562fd33d3880 (8 bytes)
1677242769.445300 sending message 112 to peer 0x562fd33d3880 (13 bytes)
1677242769.445303 sending message 112 to peer 0x562fd33d3880 (13 bytes)
1677242769.445306 sending message 112 to peer 0x562fd33d3880 (13 bytes)
1677242769.445310 sending message 112 to peer 0x562fd33d3880 (13 bytes)
1677242769.445313 sending message 112 to peer 0x562fd33d3880 (13 bytes)
1677242769.445316 sending message 112 to peer 0x562fd33d3880 (12 bytes)
1677242769.445319 sending message 112 to peer 0x562fd33d3880 (12 bytes)
1677242769.445322 sending message 112 to peer 0x562fd33d3880 (12 bytes)
1677242769.445325 sending message 112 to peer 0x562fd33d3880 (12 bytes)
1677242769.445328 sending message 112 to peer 0x562fd33d3880 (13 bytes)
1677242769.445331 sending message 112 to peer 0x562fd33d3880 (8 bytes)
1677242769.445334 sending message 112 to peer 0x562fd33d3880 (13 bytes)
1677242769.445338 sending message 112 to peer 0x562fd33d3880 (13 bytes)
1677242769.445341 sending message 112 to peer 0x562fd33d3880 (13 bytes)
1677242769.445344 sending message 112 to peer 0x562fd33d3880 (13 bytes)
1677242769.445347 sending message 112 to peer 0x562fd33d3880 (13 bytes)
1677242769.445350 sending message 112 to peer 0x562fd33d3880 (13 bytes)
1677242769.445353 sending message 112 to peer 0x562fd33d3880 (13 bytes)
1677242769.445357 sending message 112 to peer 0x562fd33d3880 (12 bytes)
1677242769.445360 sending message 112 to peer 0x562fd33d3880 (12 bytes)
1677242769.445363 sending message 112 to peer 0x562fd33d3880 (12 bytes)
1677242769.445366 sending message 112 to peer 0x562fd33d3880 (8 bytes)
1677242769.445369 sending message 112 to peer 0x562fd33d3880 (12 bytes)
1677242769.445377 sending message 112 to peer 0x562fd33d3880 (13 bytes)
1677242769.445380 sending message 112 to peer 0x562fd33d3880 (13 bytes)
1677242769.445383 sending message 112 to peer 0x562fd33d3880 (13 bytes)
1677242769.445386 sending message 112 to peer 0x562fd33d3880 (13 bytes)
1677242769.445389 sending message 112 to peer 0x562fd33d3880 (13 bytes)
1677242769.445392 sending message 112 to peer 0x562fd33d3880 (13 bytes)
1677242769.445396 sending message 112 to peer 0x562fd33d3880 (13 bytes)
1677242769.445399 sending message 112 to peer 0x562fd33d3880 (13 bytes)
1677242769.445402 sending message 112 to peer 0x562fd33d3880 (12 bytes)
1677242769.445405 sending message 112 to peer 0x562fd33d3880 (10 bytes)
1677242769.445409 sending message 112 to peer 0x562fd33d3880 (12 bytes)
1677242769.445412 sending message 112 to peer 0x562fd33d3880 (12 bytes)
1677242769.445415 sending message 112 to peer 0x562fd33d3880 (12 bytes)
1677242769.445418 sending message 112 to peer 0x562fd33d3880 (13 bytes)
1677242769.445421 sending message 112 to peer 0x562fd33d3880 (13 bytes)
1677242769.445424 sending message 112 to peer 0x562fd33d3880 (13 bytes)
1677242769.445427 sending message 112 to peer 0x562fd33d3880 (13 bytes)
1677242769.445430 sending message 112 to peer 0x562fd33d3880 (13 bytes)
1677242769.445434 sending message 112 to peer 0x562fd33d3880 (13 bytes)
1677242769.445437 sending message 112 to peer 0x562fd33d3880 (13 bytes)
1677242769.445440 sending message 112 to peer 0x562fd33d3880 (10 bytes)
1677242769.445443 sending message 112 to peer 0x562fd33d3880 (13 bytes)
1677242769.445446 sending message 112 to peer 0x562fd33d3880 (12 bytes)
1677242769.445449 sending message 112 to peer 0x562fd33d3880 (12 bytes)
1677242769.445452 sending message 112 to peer 0x562fd33d3880 (12 bytes)
1677242769.445456 sending message 112 to peer 0x562fd33d3880 (10 bytes)
1677242769.445459 sending message 112 to peer 0x562fd33d3880 (10 bytes)
1677242769.445462 sending message 112 to peer 0x562fd33d3880 (10 bytes)
1677242769.445465 sending message 112 to peer 0x562fd33d3880 (12 bytes)
1677242769.445468 sending message 112 to peer 0x562fd33d3880 (13 bytes)
1677242769.445471 sending message 112 to peer 0x562fd33d3880 (13 bytes)
1677242769.445474 sending message 112 to peer 0x562fd33d3880 (13 bytes)
1677242769.445478 sending message 112 to peer 0x562fd33d3880 (13 bytes)
1677242769.445481 sending message 112 to peer 0x562fd33d3880 (13 bytes)
1677242769.445484 sending message 112 to peer 0x562fd33d3880 (10 bytes)
1677242769.445487 sending message 112 to peer 0x562fd33d3880 (11 bytes)
1677242769.445490 sending message 112 to peer 0x562fd33d3880 (12 bytes)
1677242769.445493 sending message 112 to peer 0x562fd33d3880 (12 bytes)
1677242769.445496 sending message 112 to peer 0x562fd33d3880 (12 bytes)
1677242769.445499 sending message 112 to peer 0x562fd33d3880 (12 bytes)
1677242769.445503 sending message 112 to peer 0x562fd33d3880 (12 bytes)
1677242769.445506 sending message 112 to peer 0x562fd33d3880 (11 bytes)
1677242769.445509 sending message 112 to peer 0x562fd33d3880 (12 bytes)
1677242769.445512 sending message 112 to peer 0x562fd33d3880 (12 bytes)
1677242769.445515 sending message 112 to peer 0x562fd33d3880 (13 bytes)
1677242769.445518 sending message 112 to peer 0x562fd33d3880 (13 bytes)
1677242769.445521 sending message 112 to peer 0x562fd33d3880 (13 bytes)
1677242769.445524 sending message 112 to peer 0x562fd33d3880 (13 bytes)
1677242769.445528 sending message 112 to peer 0x562fd33d3880 (13 bytes)
1677242769.445531 sending message 112 to peer 0x562fd33d3880 (10 bytes)
1677242769.445534 sending message 112 to peer 0x562fd33d3880 (9 bytes)
1677242769.445537 sending message 112 to peer 0x562fd33d3880 (12 bytes)
1677242769.445540 sending message 112 to peer 0x562fd33d3880 (13 bytes)
1677242769.445544 sending message 112 to peer 0x562fd33d3880 (13 bytes)
1677242769.445547 sending message 112 to peer 0x562fd33d3880 (13 bytes)
1677242769.445550 sending message 112 to peer 0x562fd33d3880 (13 bytes)
1677242769.445553 sending message 112 to peer 0x562fd33d3880 (13 bytes)
1677242769.445560 sending message 112 to peer 0x562fd33d3880 (9 bytes)
1677242769.445563 sending message 112 to peer 0x562fd33d3880 (12 bytes)
1677242769.445566 sending message 112 to peer 0x562fd33d3880 (13 bytes)
1677242769.445569 sending message 112 to peer 0x562fd33d3880 (13 bytes)
1677242769.445572 sending message 112 to peer 0x562fd33d3880 (13 bytes)
1677242769.445575 sending message 112 to peer 0x562fd33d3880 (13 bytes)
1677242769.445578 sending message 112 to peer 0x562fd33d3880 (13 bytes)
1677242769.445582 sending message 112 to peer 0x562fd33d3880 (11 bytes)
1677242769.445585 sending message 112 to peer 0x562fd33d3880 (12 bytes)
1677242769.445588 sending message 112 to peer 0x562fd33d3880 (13 bytes)
1677242769.445591 sending message 112 to peer 0x562fd33d3880 (13 bytes)
1677242769.445594 sending message 112 to peer 0x562fd33d3880 (13 bytes)
1677242769.445597 sending message 112 to peer 0x562fd33d3880 (13 bytes)
1677242769.445600 sending message 112 to peer 0x562fd33d3880 (13 bytes)
1677242769.445603 sending message 112 to peer 0x562fd33d3880 (11 bytes)
1677242769.445606 sending message 112 to peer 0x562fd33d3880 (12 bytes)
1677242769.445610 sending message 112 to peer 0x562fd33d3880 (12 bytes)
1677242769.445613 sending message 112 to peer 0x562fd33d3880 (12 bytes)
1677242769.445616 sending message 112 to peer 0x562fd33d3880 (12 bytes)
1677242769.445619 sending message 112 to peer 0x562fd33d3880 (12 bytes)
1677242769.445622 sending message 112 to peer 0x562fd33d3880 (21 bytes)
1677242769.445625 sending message 112 to peer 0x562fd33d3880 (12 bytes)
1677242769.445628 sending message 112 to peer 0x562fd33d3880 (9 bytes)
1677242769.445632 sending message 112 to peer 0x562fd33d3880 (6 bytes)
1677242769.445635 sending message 112 to peer 0x562fd33d3880 (13 bytes)
1677242769.445638 sending message 112 to peer 0x562fd33d3880 (10 bytes)
1677242769.445641 sending message 112 to peer 0x562fd33d3880 (24 bytes)
1677242769.445646 sending message 112 to peer 0x562fd33d3880 (13 bytes)
1677242769.445649 sending message 112 to peer 0x562fd33d3880 (9 bytes)
1677242769.445652 sending message 112 to peer 0x562fd33d3880 (70 bytes)
1677242769.445655 sending message 112 to peer 0x562fd33d3880 (69 bytes)
1677242769.445658 sending message 112 to peer 0x562fd33d3880 (12 bytes)
1677242769.445661 sending message 112 to peer 0x562fd33d3880 (10 bytes)
1677242769.445665 sending message 112 to peer 0x562fd33d3880 (10 bytes)
1677242769.445668 sending message 112 to peer 0x562fd33d3880 (24 bytes)
1677242769.445671 sending message 112 to peer 0x562fd33d3880 (13 bytes)
1677242769.445674 sending message 112 to peer 0x562fd33d3880 (10 bytes)
1677242769.445677 sending message 112 to peer 0x562fd33d3880 (10 bytes)
1677242769.445680 sending message 112 to peer 0x562fd33d3880 (10 bytes)
1677242769.445683 sending message 112 to peer 0x562fd33d3880 (13 bytes)
1677242769.445686 sending message 112 to peer 0x562fd33d3880 (25 bytes)
1677242769.445689 sending message 112 to peer 0x562fd33d3880 (15 bytes)
1677242769.445692 sending message 112 to peer 0x562fd33d3880 (5 bytes)
1677242769.445697 sending message 104 to peer 0x562fd33d3880 (0 bytes)
1677242769.445700 sending message 110 to peer 0x562fd33d3880 (0 bytes)
1677242769.445704 sending message 107 to peer 0x562fd33d3880 (4 bytes)
1677242769.445707 sending message 105 to peer 0x562fd33d3880 (20 bytes)
1677242769.445710 sending message 105 to peer 0x562fd33d3880 (41 bytes)
1677242769.445713 sending message 105 to peer 0x562fd33d3880 (43 bytes)
1677242769.445716 sending message 105 to peer 0x562fd33d3880 (20 bytes)
1677242769.445719 sending message 105 to peer 0x562fd33d3880 (24 bytes)
1677242769.445722 sending message 105 to peer 0x562fd33d3880 (14 bytes)
1677242769.445726 sending message 105 to peer 0x562fd33d3880 (23 bytes)
1677242769.445729 sending message 105 to peer 0x562fd33d3880 (19 bytes)
1677242769.445732 sending message 105 to peer 0x562fd33d3880 (33 bytes)
1677242769.445735 sending message 105 to peer 0x562fd33d3880 (78 bytes)
1677242769.445738 sending message 105 to peer 0x562fd33d3880 (35 bytes)
1677242769.445744 sending message 105 to peer 0x562fd33d3880 (12 bytes)
1677242769.445747 sending message 105 to peer 0x562fd33d3880 (15 bytes)
1677242769.445753 sending message 105 to peer 0x562fd33d3880 (146 bytes)
1677242769.445757 sending message 105 to peer 0x562fd33d3880 (18 bytes)
1677242769.445760 sending message 105 to peer 0x562fd33d3880 (8 bytes)
1677242769.445763 sending message 105 to peer 0x562fd33d3880 (18 bytes)
1677242769.445766 sending message 105 to peer 0x562fd33d3880 (23 bytes)
1677242769.445769 sending message 105 to peer 0x562fd33d3880 (19 bytes)
1677242769.445772 sending message 105 to peer 0x562fd33d3880 (20 bytes)
1677242769.445775 sending message 105 to peer 0x562fd33d3880 (22 bytes)
1677242769.445778 sending message 105 to peer 0x562fd33d3880 (15 bytes)
1677242769.445782 sending message 105 to peer 0x562fd33d3880 (125 bytes)
1677242769.445785 sending message 105 to peer 0x562fd33d3880 (35 bytes)
1677242769.445788 sending message 105 to peer 0x562fd33d3880 (19 bytes)
1677242769.445791 sending message 105 to peer 0x562fd33d3880 (23 bytes)
1677242769.445794 sending message 105 to peer 0x562fd33d3880 (29 bytes)
1677242769.445798 sending message 105 to peer 0x562fd33d3880 (40 bytes)
1677242769.445802 sending message 105 to peer 0x562fd33d3880 (47 bytes)
1677242769.445805 sending message 105 to peer 0x562fd33d3880 (31 bytes)
1677242769.445808 sending message 105 to peer 0x562fd33d3880 (30 bytes)
1677242769.445811 sending message 105 to peer 0x562fd33d3880 (16 bytes)
1677242769.445814 sending message 105 to peer 0x562fd33d3880 (73 bytes)
1677242769.445817 sending message 105 to peer 0x562fd33d3880 (38 bytes)
1677242769.445820 sending message 105 to peer 0x562fd33d3880 (11 bytes)
1677242769.445823 sending message 105 to peer 0x562fd33d3880 (16 bytes)
1677242769.445827 sending message 105 to peer 0x562fd33d3880 (39 bytes)
1677242769.445830 sending message 105 to peer 0x562fd33d3880 (32 bytes)
1677242769.445833 sending message 105 to peer 0x562fd33d3880 (30 bytes)
1677242769.445836 sending message 105 to peer 0x562fd33d3880 (18 bytes)
1677242769.445839 sending message 105 to peer 0x562fd33d3880 (18 bytes)
1677242769.445842 sending message 105 to peer 0x562fd33d3880 (1770 bytes)
1677242769.445856 sending message 105 to peer 0x562fd33d3880 (81 bytes)
1677242769.445859 sending message 105 to peer 0x562fd33d3880 (14 bytes)
1677242769.445862 sending message 105 to peer 0x562fd33d3880 (13 bytes)
1677242769.445865 sending message 105 to peer 0x562fd33d3880 (33 bytes)
1677242769.445869 sending message 105 to peer 0x562fd33d3880 (15 bytes)
1677242769.445872 sending message 105 to peer 0x562fd33d3880 (30 bytes)
1677242769.445875 sending message 105 to peer 0x562fd33d3880 (13 bytes)
1677242769.445878 sending message 105 to peer 0x562fd33d3880 (17 bytes)
1677242769.445881 sending message 105 to peer 0x562fd33d3880 (410 bytes)
1677242769.445885 sending message 105 to peer 0x562fd33d3880 (54 bytes)
1677242769.445888 sending message 105 to peer 0x562fd33d3880 (31 bytes)
1677242769.445891 sending message 105 to peer 0x562fd33d3880 (18 bytes)
1677242769.445894 sending message 105 to peer 0x562fd33d3880 (32 bytes)
1677242769.445897 sending message 105 to peer 0x562fd33d3880 (16 bytes)
1677242769.445900 sending message 105 to peer 0x562fd33d3880 (20 bytes)
1677242769.445903 sending message 105 to peer 0x562fd33d3880 (35 bytes)
1677242769.445906 sending message 105 to peer 0x562fd33d3880 (21 bytes)
1677242769.445910 sending message 105 to peer 0x562fd33d3880 (40 bytes)
1677242769.445913 sending message 105 to peer 0x562fd33d3880 (60 bytes)
1677242769.445916 sending message 105 to peer 0x562fd33d3880 (26 bytes)
1677242769.445919 sending message 105 to peer 0x562fd33d3880 (21 bytes)
1677242769.445922 sending message 105 to peer 0x562fd33d3880 (17 bytes)
1677242769.445926 sending message 105 to peer 0x562fd33d3880 (33 bytes)
1677242769.445929 sending message 105 to peer 0x562fd33d3880 (20 bytes)
1677242769.445932 sending message 105 to peer 0x562fd33d3880 (22 bytes)
1677242769.445935 sending message 105 to peer 0x562fd33d3880 (7 bytes)
1677242769.445943 sending message 105 to peer 0x562fd33d3880 (41 bytes)
1677242769.445946 sending message 105 to peer 0x562fd33d3880 (55 bytes)
1677242769.445949 sending message 105 to peer 0x562fd33d3880 (35 bytes)
1677242769.445952 sending message 105 to peer 0x562fd33d3880 (35 bytes)
1677242769.445956 sending message 105 to peer 0x562fd33d3880 (40 bytes)
1677242769.445959 sending message 105 to peer 0x562fd33d3880 (26 bytes)
1677242769.445962 sending message 105 to peer 0x562fd33d3880 (45 bytes)
1677242769.445965 sending message 105 to peer 0x562fd33d3880 (38 bytes)
1677242769.445968 sending message 105 to peer 0x562fd33d3880 (51 bytes)
1677242769.445971 sending message 105 to peer 0x562fd33d3880 (55 bytes)
1677242769.445975 sending message 105 to peer 0x562fd33d3880 (25 bytes)
1677242769.445978 sending message 105 to peer 0x562fd33d3880 (11 bytes)
1677242769.445981 sending message 105 to peer 0x562fd33d3880 (27 bytes)
1677242769.445984 sending message 105 to peer 0x562fd33d3880 (20 bytes)
1677242769.445987 sending message 105 to peer 0x562fd33d3880 (23 bytes)
1677242769.445991 sending message 105 to peer 0x562fd33d3880 (8 bytes)
1677242769.445994 sending message 105 to peer 0x562fd33d3880 (35 bytes)
1677242769.445997 sending message 105 to peer 0x562fd33d3880 (26 bytes)
1677242769.446000 sending message 105 to peer 0x562fd33d3880 (46 bytes)
1677242769.446003 sending message 105 to peer 0x562fd33d3880 (34 bytes)
1677242769.446007 sending message 105 to peer 0x562fd33d3880 (11 bytes)
1677242769.446010 sending message 105 to peer 0x562fd33d3880 (17 bytes)
1677242769.446013 sending message 106 to peer 0x562fd33d3880 (0 bytes)
1677242769.446051 sending message 200 to peer 0x562fd33d3880 (4 bytes)
1677242769.446056 client loop enter
1677242769.447438 peer 0x562fd33d3880 message 207
1677242769.447448 sending message 208 to peer 0x562fd33d3880 (0 bytes)
1677242771.339739 peer 0x562fd33d3880 message 203
1677242771.339850 sending message 205 to peer 0x562fd33d3880 (0 bytes)
1677242771.340038 peer 0x562fd33d3880 message 204
1677242771.340045 client loop exit
